2024-06-22 18:08:50,315 (INFO) - django.utils.autoreload - Watching for file changes with StatReloader
2024-06-22 18:08:50,608 (WARNING) - silk.profiling.profiler - Cannot execute silk_profile as silk is not installed correctly.
2024-06-22 18:08:53,848 (INFO) - playground.views - Calling httpbin
2024-06-22 18:08:56,529 (INFO) - playground.views - Received the response
2024-06-22 18:30:19,091 (INFO) - django.utils.autoreload - Watching for file changes with StatReloader
2024-06-22 18:30:19,407 (WARNING) - silk.profiling.profiler - Cannot execute silk_profile as silk is not installed correctly.
2024-06-22 18:30:25,356 (INFO) - playground.views - Calling httpbin
2024-06-22 18:30:27,853 (INFO) - playground.views - Received the response
2024-06-22 18:30:27,876 (INFO) - playground.views - Calling httpbin
2024-06-22 18:30:30,616 (INFO) - playground.views - Received the response
2024-06-22 18:30:36,213 (WARNING) - rest_framework.fields - min_value in DecimalField should be Decimal type.
2024-06-22 18:30:36,986 (WARNING) - rest_framework.fields - min_value in DecimalField should be Decimal type.
2024-06-22 18:30:56,098 (WARNING) - django.request - Unauthorized: /store/collections/
2024-06-22 18:30:56,111 (WARNING) - django.request - Forbidden: /store/collections/
2024-06-22 18:30:56,117 (WARNING) - django.request - Bad Request: /store/collections/
2024-06-22 18:32:20,192 (WARNING) - django.request - Unauthorized: /store/collections/
2024-06-22 18:32:20,227 (WARNING) - django.request - Forbidden: /store/collections/
2024-06-22 18:32:20,259 (WARNING) - django.request - Bad Request: /store/collections/
2024-06-22 21:11:43,228 (INFO) - django.utils.autoreload - Watching for file changes with StatReloader
2024-06-22 21:11:44,495 (WARNING) - silk.profiling.profiler - Cannot execute silk_profile as silk is not installed correctly.
2024-06-22 23:49:29,068 (WARNING) - silk.profiling.profiler - Cannot execute silk_profile as silk is not installed correctly.
2024-06-22 23:49:49,117 (INFO) - playground.views - Calling httpbin
2024-06-22 23:49:51,604 (INFO) - playground.views - Received the response
2024-06-22 23:49:55,661 (INFO) - playground.views - Calling httpbin
2024-06-22 23:49:58,122 (INFO) - playground.views - Received the response
2024-06-22 23:50:07,491 (WARNING) - rest_framework.fields - min_value in DecimalField should be Decimal type.
2024-06-22 23:50:08,204 (WARNING) - rest_framework.fields - min_value in DecimalField should be Decimal type.
2024-06-22 23:51:54,455 (WARNING) - silk.profiling.profiler - Cannot execute silk_profile as silk is not installed correctly.
2024-06-22 23:51:55,497 (WARNING) - rest_framework.fields - min_value in DecimalField should be Decimal type.
2024-06-22 23:51:55,660 (WARNING) - rest_framework.fields - min_value in DecimalField should be Decimal type.
2024-06-24 19:04:10,478 (INFO) - django.utils.autoreload - Watching for file changes with StatReloader
2024-06-24 19:04:10,948 (WARNING) - silk.profiling.profiler - Cannot execute silk_profile as silk is not installed correctly.
2024-06-24 19:04:19,152 (WARNING) - silk.profiling.profiler - Cannot execute silk_profile as silk is not installed correctly.
2024-06-24 19:05:58,444 (INFO) - django.utils.autoreload - Watching for file changes with StatReloader
2024-06-24 23:04:57,182 (INFO) - django.utils.autoreload - Watching for file changes with StatReloader
2024-06-24 23:05:21,836 (ERROR) - django.security.DisallowedHost - Invalid HTTP_HOST header: '127.0.0.1:8000'. You may need to add '127.0.0.1' to ALLOWED_HOSTS.
Traceback (most recent call last):
  File "C:\Users\ivan5\OneDrive\Desktop\storefront\venv\Lib\site-packages\django\core\handlers\exception.py", line 55, in inner
    response = get_response(request)
               ^^^^^^^^^^^^^^^^^^^^^
  File "C:\Users\ivan5\OneDrive\Desktop\storefront\venv\Lib\site-packages\django\utils\deprecation.py", line 133, in __call__
    response = self.process_request(request)
               ^^^^^^^^^^^^^^^^^^^^^^^^^^^^^
  File "C:\Users\ivan5\OneDrive\Desktop\storefront\venv\Lib\site-packages\django\middleware\common.py", line 48, in process_request
    host = request.get_host()
           ^^^^^^^^^^^^^^^^^^
  File "C:\Users\ivan5\OneDrive\Desktop\storefront\venv\Lib\site-packages\django\http\request.py", line 151, in get_host
    raise DisallowedHost(msg)
django.core.exceptions.DisallowedHost: Invalid HTTP_HOST header: '127.0.0.1:8000'. You may need to add '127.0.0.1' to ALLOWED_HOSTS.
2024-06-24 23:05:24,099 (WARNING) - django.request - Bad Request: /
2024-06-24 23:05:24,505 (ERROR) - django.security.DisallowedHost - Invalid HTTP_HOST header: '127.0.0.1:8000'. You may need to add '127.0.0.1' to ALLOWED_HOSTS.
Traceback (most recent call last):
  File "C:\Users\ivan5\OneDrive\Desktop\storefront\venv\Lib\site-packages\django\core\handlers\exception.py", line 55, in inner
    response = get_response(request)
               ^^^^^^^^^^^^^^^^^^^^^
  File "C:\Users\ivan5\OneDrive\Desktop\storefront\venv\Lib\site-packages\django\utils\deprecation.py", line 133, in __call__
    response = self.process_request(request)
               ^^^^^^^^^^^^^^^^^^^^^^^^^^^^^
  File "C:\Users\ivan5\OneDrive\Desktop\storefront\venv\Lib\site-packages\django\middleware\common.py", line 48, in process_request
    host = request.get_host()
           ^^^^^^^^^^^^^^^^^^
  File "C:\Users\ivan5\OneDrive\Desktop\storefront\venv\Lib\site-packages\django\http\request.py", line 151, in get_host
    raise DisallowedHost(msg)
django.core.exceptions.DisallowedHost: Invalid HTTP_HOST header: '127.0.0.1:8000'. You may need to add '127.0.0.1' to ALLOWED_HOSTS.
2024-06-24 23:05:26,578 (WARNING) - django.request - Bad Request: /favicon.ico
2024-06-24 23:05:24,926 (ERROR) - django.security.DisallowedHost - Invalid HTTP_HOST header: '127.0.0.1:8000'. You may need to add '127.0.0.1' to ALLOWED_HOSTS.
Traceback (most recent call last):
  File "C:\Users\ivan5\OneDrive\Desktop\storefront\venv\Lib\site-packages\django\core\handlers\exception.py", line 55, in inner
    response = get_response(request)
               ^^^^^^^^^^^^^^^^^^^^^
  File "C:\Users\ivan5\OneDrive\Desktop\storefront\venv\Lib\site-packages\django\utils\deprecation.py", line 133, in __call__
    response = self.process_request(request)
               ^^^^^^^^^^^^^^^^^^^^^^^^^^^^^
  File "C:\Users\ivan5\OneDrive\Desktop\storefront\venv\Lib\site-packages\django\middleware\common.py", line 48, in process_request
    host = request.get_host()
           ^^^^^^^^^^^^^^^^^^
  File "C:\Users\ivan5\OneDrive\Desktop\storefront\venv\Lib\site-packages\django\http\request.py", line 151, in get_host
    raise DisallowedHost(msg)
django.core.exceptions.DisallowedHost: Invalid HTTP_HOST header: '127.0.0.1:8000'. You may need to add '127.0.0.1' to ALLOWED_HOSTS.
2024-06-24 23:05:28,626 (WARNING) - django.request - Bad Request: /playground/hello/
2024-06-24 23:05:56,071 (INFO) - django.utils.autoreload - C:\Users\ivan5\OneDrive\Desktop\storefront\storefront\settings\prod.py changed, reloading.
2024-06-24 23:05:57,210 (INFO) - django.utils.autoreload - Watching for file changes with StatReloader
2024-06-24 23:06:02,956 (ERROR) - django.security.DisallowedHost - Invalid HTTP_HOST header: '127.0.0.1:8000'. You may need to add '127.0.0.1' to ALLOWED_HOSTS.
Traceback (most recent call last):
  File "C:\Users\ivan5\OneDrive\Desktop\storefront\venv\Lib\site-packages\django\core\handlers\exception.py", line 55, in inner
    response = get_response(request)
               ^^^^^^^^^^^^^^^^^^^^^
  File "C:\Users\ivan5\OneDrive\Desktop\storefront\venv\Lib\site-packages\django\utils\deprecation.py", line 133, in __call__
    response = self.process_request(request)
               ^^^^^^^^^^^^^^^^^^^^^^^^^^^^^
  File "C:\Users\ivan5\OneDrive\Desktop\storefront\venv\Lib\site-packages\django\middleware\common.py", line 48, in process_request
    host = request.get_host()
           ^^^^^^^^^^^^^^^^^^
  File "C:\Users\ivan5\OneDrive\Desktop\storefront\venv\Lib\site-packages\django\http\request.py", line 151, in get_host
    raise DisallowedHost(msg)
django.core.exceptions.DisallowedHost: Invalid HTTP_HOST header: '127.0.0.1:8000'. You may need to add '127.0.0.1' to ALLOWED_HOSTS.
2024-06-24 23:06:05,020 (WARNING) - django.request - Bad Request: /
2024-06-24 23:06:05,482 (ERROR) - django.security.DisallowedHost - Invalid HTTP_HOST header: '127.0.0.1:8000'. You may need to add '127.0.0.1' to ALLOWED_HOSTS.
Traceback (most recent call last):
  File "C:\Users\ivan5\OneDrive\Desktop\storefront\venv\Lib\site-packages\django\core\handlers\exception.py", line 55, in inner
    response = get_response(request)
               ^^^^^^^^^^^^^^^^^^^^^
  File "C:\Users\ivan5\OneDrive\Desktop\storefront\venv\Lib\site-packages\django\utils\deprecation.py", line 133, in __call__
    response = self.process_request(request)
               ^^^^^^^^^^^^^^^^^^^^^^^^^^^^^
  File "C:\Users\ivan5\OneDrive\Desktop\storefront\venv\Lib\site-packages\django\middleware\common.py", line 48, in process_request
    host = request.get_host()
           ^^^^^^^^^^^^^^^^^^
  File "C:\Users\ivan5\OneDrive\Desktop\storefront\venv\Lib\site-packages\django\http\request.py", line 151, in get_host
    raise DisallowedHost(msg)
django.core.exceptions.DisallowedHost: Invalid HTTP_HOST header: '127.0.0.1:8000'. You may need to add '127.0.0.1' to ALLOWED_HOSTS.
2024-06-24 23:06:07,531 (WARNING) - django.request - Bad Request: /favicon.ico
2024-06-24 23:06:19,883 (INFO) - django.utils.autoreload - C:\Users\ivan5\OneDrive\Desktop\storefront\storefront\settings\prod.py changed, reloading.
2024-06-24 23:06:20,938 (INFO) - django.utils.autoreload - Watching for file changes with StatReloader
2024-06-24 23:06:27,076 (WARNING) - django.request - Not Found: /favicon.ico
2024-06-24 23:06:33,214 (INFO) - playground.views - Calling httpbin
2024-06-24 23:06:35,905 (INFO) - playground.views - Received the response
2024-06-24 23:06:43,786 (INFO) - django.utils.autoreload - C:\Users\ivan5\OneDrive\Desktop\storefront\playground\views.py changed, reloading.
2024-06-24 23:06:44,846 (INFO) - django.utils.autoreload - Watching for file changes with StatReloader
2024-06-24 23:07:14,470 (ERROR) - django.request - Internal Server Error: /playground/hello/
Traceback (most recent call last):
  File "C:\Users\ivan5\OneDrive\Desktop\storefront\venv\Lib\site-packages\django_redis\cache.py", line 29, in _decorator
    return method(self, *args, **kwargs)
           ^^^^^^^^^^^^^^^^^^^^^^^^^^^^^
  File "C:\Users\ivan5\OneDrive\Desktop\storefront\venv\Lib\site-packages\django_redis\cache.py", line 99, in _get
    return self.client.get(key, default=default, version=version, client=client)
           ^^^^^^^^^^^^^^^^^^^^^^^^^^^^^^^^^^^^^^^^^^^^^^^^^^^^^^^^^^^^^^^^^^^^^
  File "C:\Users\ivan5\OneDrive\Desktop\storefront\venv\Lib\site-packages\django_redis\client\default.py", line 260, in get
    raise ConnectionInterrupted(connection=client) from e
django_redis.exceptions.ConnectionInterrupted: Redis TimeoutError: Timeout connecting to server

During handling of the above exception, another exception occurred:

Traceback (most recent call last):
  File "C:\Users\ivan5\OneDrive\Desktop\storefront\venv\Lib\site-packages\django\core\handlers\exception.py", line 55, in inner
    response = get_response(request)
               ^^^^^^^^^^^^^^^^^^^^^
  File "C:\Users\ivan5\OneDrive\Desktop\storefront\venv\Lib\site-packages\django\core\handlers\base.py", line 197, in _get_response
    response = wrapped_callback(request, *callback_args, **callback_kwargs)
               ^^^^^^^^^^^^^^^^^^^^^^^^^^^^^^^^^^^^^^^^^^^^^^^^^^^^^^^^^^^^
  File "C:\Users\ivan5\OneDrive\Desktop\storefront\venv\Lib\site-packages\django\views\decorators\csrf.py", line 65, in _view_wrapper
    return view_func(request, *args, **kwargs)
           ^^^^^^^^^^^^^^^^^^^^^^^^^^^^^^^^^^^
  File "C:\Users\ivan5\OneDrive\Desktop\storefront\venv\Lib\site-packages\django\views\generic\base.py", line 104, in view
    return self.dispatch(request, *args, **kwargs)
           ^^^^^^^^^^^^^^^^^^^^^^^^^^^^^^^^^^^^^^^
  File "C:\Users\ivan5\OneDrive\Desktop\storefront\venv\Lib\site-packages\rest_framework\views.py", line 509, in dispatch
    response = self.handle_exception(exc)
               ^^^^^^^^^^^^^^^^^^^^^^^^^^
  File "C:\Users\ivan5\OneDrive\Desktop\storefront\venv\Lib\site-packages\rest_framework\views.py", line 469, in handle_exception
    self.raise_uncaught_exception(exc)
  File "C:\Users\ivan5\OneDrive\Desktop\storefront\venv\Lib\site-packages\rest_framework\views.py", line 480, in raise_uncaught_exception
    raise exc
  File "C:\Users\ivan5\OneDrive\Desktop\storefront\venv\Lib\site-packages\rest_framework\views.py", line 506, in dispatch
    response = handler(request, *args, **kwargs)
               ^^^^^^^^^^^^^^^^^^^^^^^^^^^^^^^^^
  File "C:\Users\ivan5\OneDrive\Desktop\storefront\venv\Lib\site-packages\django\utils\decorators.py", line 48, in _wrapper
    return bound_method(*args, **kwargs)
           ^^^^^^^^^^^^^^^^^^^^^^^^^^^^^
  File "C:\Users\ivan5\OneDrive\Desktop\storefront\venv\Lib\site-packages\django\utils\decorators.py", line 181, in _view_wrapper
    result = _pre_process_request(request, *args, **kwargs)
             ^^^^^^^^^^^^^^^^^^^^^^^^^^^^^^^^^^^^^^^^^^^^^^
  File "C:\Users\ivan5\OneDrive\Desktop\storefront\venv\Lib\site-packages\django\utils\decorators.py", line 127, in _pre_process_request
    result = middleware.process_request(request)
             ^^^^^^^^^^^^^^^^^^^^^^^^^^^^^^^^^^^
  File "C:\Users\ivan5\OneDrive\Desktop\storefront\venv\Lib\site-packages\django\middleware\cache.py", line 158, in process_request
    cache_key = get_cache_key(request, self.key_prefix, "GET", cache=self.cache)
                ^^^^^^^^^^^^^^^^^^^^^^^^^^^^^^^^^^^^^^^^^^^^^^^^^^^^^^^^^^^^^^^^
  File "C:\Users\ivan5\OneDrive\Desktop\storefront\venv\Lib\site-packages\django\utils\cache.py", line 392, in get_cache_key
    headerlist = cache.get(cache_key)
                 ^^^^^^^^^^^^^^^^^^^^
  File "C:\Users\ivan5\OneDrive\Desktop\storefront\venv\Lib\site-packages\django_redis\cache.py", line 92, in get
    value = self._get(key, default, version, client)
            ^^^^^^^^^^^^^^^^^^^^^^^^^^^^^^^^^^^^^^^^
  File "C:\Users\ivan5\OneDrive\Desktop\storefront\venv\Lib\site-packages\django_redis\cache.py", line 36, in _decorator
    raise e.__cause__
  File "C:\Users\ivan5\OneDrive\Desktop\storefront\venv\Lib\site-packages\django_redis\client\default.py", line 258, in get
    value = client.get(key)
            ^^^^^^^^^^^^^^^
  File "C:\Users\ivan5\OneDrive\Desktop\storefront\venv\Lib\site-packages\redis\commands\core.py", line 1830, in get
    return self.execute_command("GET", name)
           ^^^^^^^^^^^^^^^^^^^^^^^^^^^^^^^^^
  File "C:\Users\ivan5\OneDrive\Desktop\storefront\venv\Lib\site-packages\redis\client.py", line 542, in execute_command
    conn = self.connection or pool.get_connection(command_name, **options)
                              ^^^^^^^^^^^^^^^^^^^^^^^^^^^^^^^^^^^^^^^^^^^^
  File "C:\Users\ivan5\OneDrive\Desktop\storefront\venv\Lib\site-packages\redis\connection.py", line 1109, in get_connection
    connection.connect()
  File "C:\Users\ivan5\OneDrive\Desktop\storefront\venv\Lib\site-packages\redis\connection.py", line 280, in connect
    raise TimeoutError("Timeout connecting to server")
redis.exceptions.TimeoutError: Timeout connecting to server
2024-06-24 23:09:50,169 (WARNING) - django.request - Not Found: /store/carst
2024-06-25 21:11:29,542 (INFO) - django.utils.autoreload - Watching for file changes with StatReloader
2024-06-25 21:12:08,807 (INFO) - django.utils.autoreload - Watching for file changes with StatReloader
2024-06-25 21:15:13,000 (INFO) - django.utils.autoreload - /app/storefront/settings/prod.py changed, reloading.
2024-06-25 21:15:14,550 (INFO) - django.utils.autoreload - Watching for file changes with StatReloader
2024-06-25 21:15:40,642 (INFO) - django.utils.autoreload - Watching for file changes with StatReloader
2024-06-25 21:16:38,978 (INFO) - django.utils.autoreload - /app/storefront/settings/prod.py changed, reloading.
2024-06-25 21:32:34,832 (INFO) - django.utils.autoreload - Watching for file changes with StatReloader
2024-06-25 21:56:07,785 (INFO) - django.utils.autoreload - Watching for file changes with StatReloader
2024-06-25 21:57:23,247 (INFO) - django.utils.autoreload - Watching for file changes with StatReloader
2024-06-25 21:58:13,956 (INFO) - django.utils.autoreload - Watching for file changes with StatReloader
2024-06-25 21:58:34,984 (WARNING) - django.request - Not Found: /favicon.ico
2024-06-25 22:00:37,420 (INFO) - django.utils.autoreload - Watching for file changes with StatReloader
2024-06-25 22:01:51,932 (WARNING) - rest_framework.fields - min_value in DecimalField should be Decimal type.
2024-06-25 22:02:05,776 (INFO) - django.utils.autoreload - Watching for file changes with StatReloader
2024-06-25 22:02:10,204 (WARNING) - rest_framework.fields - min_value in DecimalField should be Decimal type.
2024-06-25 22:02:15,379 (WARNING) - rest_framework.fields - min_value in DecimalField should be Decimal type.
2024-06-25 22:02:16,245 (WARNING) - rest_framework.fields - min_value in DecimalField should be Decimal type.
2024-06-25 22:04:50,016 (INFO) - django.utils.autoreload - Watching for file changes with StatReloader
2024-06-25 22:53:37,979 (INFO) - django.utils.autoreload - Watching for file changes with StatReloader
2024-06-25 23:08:28,173 (WARNING) - django.request - Not Found: /favicon.ico
2024-06-25 23:08:48,593 (WARNING) - django.request - Not Found: /carts
2024-06-25 23:08:52,808 (ERROR) - django.request - Internal Server Error: /store/carts/
Traceback (most recent call last):
  File "/usr/local/lib/python3.10/site-packages/django/db/backends/utils.py", line 105, in _execute
    return self.cursor.execute(sql, params)
psycopg2.errors.UndefinedTable: relation "store_cart" does not exist
LINE 1: ..."store_cart"."id", "store_cart"."created_at" FROM "store_car...
                                                             ^


The above exception was the direct cause of the following exception:

Traceback (most recent call last):
  File "/usr/local/lib/python3.10/site-packages/django/core/handlers/exception.py", line 55, in inner
    response = get_response(request)
  File "/usr/local/lib/python3.10/site-packages/django/core/handlers/base.py", line 197, in _get_response
    response = wrapped_callback(request, *callback_args, **callback_kwargs)
  File "/usr/local/lib/python3.10/site-packages/django/views/decorators/csrf.py", line 65, in _view_wrapper
    return view_func(request, *args, **kwargs)
  File "/usr/local/lib/python3.10/site-packages/rest_framework/viewsets.py", line 124, in view
    return self.dispatch(request, *args, **kwargs)
  File "/usr/local/lib/python3.10/site-packages/rest_framework/views.py", line 509, in dispatch
    response = self.handle_exception(exc)
  File "/usr/local/lib/python3.10/site-packages/rest_framework/views.py", line 469, in handle_exception
    self.raise_uncaught_exception(exc)
  File "/usr/local/lib/python3.10/site-packages/rest_framework/views.py", line 480, in raise_uncaught_exception
    raise exc
  File "/usr/local/lib/python3.10/site-packages/rest_framework/views.py", line 506, in dispatch
    response = handler(request, *args, **kwargs)
  File "/usr/local/lib/python3.10/site-packages/rest_framework/mixins.py", line 46, in list
    return Response(serializer.data)
  File "/usr/local/lib/python3.10/site-packages/rest_framework/serializers.py", line 795, in data
    ret = super().data
  File "/usr/local/lib/python3.10/site-packages/rest_framework/serializers.py", line 249, in data
    self._data = self.to_representation(self.instance)
  File "/usr/local/lib/python3.10/site-packages/rest_framework/serializers.py", line 713, in to_representation
    return [
  File "/usr/local/lib/python3.10/site-packages/django/db/models/query.py", line 400, in __iter__
    self._fetch_all()
  File "/usr/local/lib/python3.10/site-packages/django/db/models/query.py", line 1928, in _fetch_all
    self._result_cache = list(self._iterable_class(self))
  File "/usr/local/lib/python3.10/site-packages/django/db/models/query.py", line 91, in __iter__
    results = compiler.execute_sql(
  File "/usr/local/lib/python3.10/site-packages/django/db/models/sql/compiler.py", line 1562, in execute_sql
    cursor.execute(sql, params)
  File "/usr/local/lib/python3.10/site-packages/django/db/backends/utils.py", line 79, in execute
    return self._execute_with_wrappers(
  File "/usr/local/lib/python3.10/site-packages/django/db/backends/utils.py", line 92, in _execute_with_wrappers
    return executor(sql, params, many, context)
  File "/usr/local/lib/python3.10/site-packages/django/db/backends/utils.py", line 100, in _execute
    with self.db.wrap_database_errors:
  File "/usr/local/lib/python3.10/site-packages/django/db/utils.py", line 91, in __exit__
    raise dj_exc_value.with_traceback(traceback) from exc_value
  File "/usr/local/lib/python3.10/site-packages/django/db/backends/utils.py", line 105, in _execute
    return self.cursor.execute(sql, params)
django.db.utils.ProgrammingError: relation "store_cart" does not exist
LINE 1: ..."store_cart"."id", "store_cart"."created_at" FROM "store_car...
                                                             ^

2024-06-25 23:10:49,942 (WARNING) - django.request - Bad Request: /store/carts/26e47dc9-3dad-47ae-a566-3588e02431d1/items/
2024-06-25 23:11:36,433 (WARNING) - rest_framework.fields - min_value in DecimalField should be Decimal type.
2024-06-25 23:11:36,435 (WARNING) - rest_framework.fields - min_value in DecimalField should be Decimal type.
2024-06-25 23:11:36,438 (WARNING) - rest_framework.fields - min_value in DecimalField should be Decimal type.
2024-06-25 23:11:36,441 (WARNING) - rest_framework.fields - min_value in DecimalField should be Decimal type.
2024-06-26 16:44:48,079 (INFO) - django.utils.autoreload - Watching for file changes with StatReloader
2024-06-26 16:45:14,593 (INFO) - django.utils.autoreload - Watching for file changes with StatReloader
2024-06-26 16:45:18,828 (ERROR) - django.security.DisallowedHost - Invalid HTTP_HOST header: '127.0.0.1:8000'. You may need to add '127.0.0.1' to ALLOWED_HOSTS.
Traceback (most recent call last):
  File "C:\Users\ivan5\OneDrive\Desktop\storefront\venv\Lib\site-packages\django\core\handlers\exception.py", line 55, in inner
    response = get_response(request)
               ^^^^^^^^^^^^^^^^^^^^^
  File "C:\Users\ivan5\OneDrive\Desktop\storefront\venv\Lib\site-packages\django\utils\deprecation.py", line 133, in __call__
    response = self.process_request(request)
               ^^^^^^^^^^^^^^^^^^^^^^^^^^^^^
  File "C:\Users\ivan5\OneDrive\Desktop\storefront\venv\Lib\site-packages\django\middleware\common.py", line 48, in process_request
    host = request.get_host()
           ^^^^^^^^^^^^^^^^^^
  File "C:\Users\ivan5\OneDrive\Desktop\storefront\venv\Lib\site-packages\django\http\request.py", line 151, in get_host
    raise DisallowedHost(msg)
django.core.exceptions.DisallowedHost: Invalid HTTP_HOST header: '127.0.0.1:8000'. You may need to add '127.0.0.1' to ALLOWED_HOSTS.
2024-06-26 16:45:21,087 (WARNING) - django.request - Bad Request: /
2024-06-26 16:45:21,538 (ERROR) - django.security.DisallowedHost - Invalid HTTP_HOST header: '127.0.0.1:8000'. You may need to add '127.0.0.1' to ALLOWED_HOSTS.
Traceback (most recent call last):
  File "C:\Users\ivan5\OneDrive\Desktop\storefront\venv\Lib\site-packages\django\core\handlers\exception.py", line 55, in inner
    response = get_response(request)
               ^^^^^^^^^^^^^^^^^^^^^
  File "C:\Users\ivan5\OneDrive\Desktop\storefront\venv\Lib\site-packages\django\utils\deprecation.py", line 133, in __call__
    response = self.process_request(request)
               ^^^^^^^^^^^^^^^^^^^^^^^^^^^^^
  File "C:\Users\ivan5\OneDrive\Desktop\storefront\venv\Lib\site-packages\django\middleware\common.py", line 48, in process_request
    host = request.get_host()
           ^^^^^^^^^^^^^^^^^^
  File "C:\Users\ivan5\OneDrive\Desktop\storefront\venv\Lib\site-packages\django\http\request.py", line 151, in get_host
    raise DisallowedHost(msg)
django.core.exceptions.DisallowedHost: Invalid HTTP_HOST header: '127.0.0.1:8000'. You may need to add '127.0.0.1' to ALLOWED_HOSTS.
2024-06-26 16:45:23,581 (WARNING) - django.request - Bad Request: /favicon.ico
2024-06-26 16:45:35,257 (INFO) - django.utils.autoreload - C:\Users\ivan5\OneDrive\Desktop\storefront\storefront\settings\prod.py changed, reloading.
2024-06-26 16:45:36,374 (INFO) - django.utils.autoreload - Watching for file changes with StatReloader
2024-06-26 16:45:38,111 (WARNING) - django.request - Not Found: /favicon.ico
2024-06-26 16:45:41,519 (ERROR) - django.request - Internal Server Error: /store/carts/
Traceback (most recent call last):
  File "C:\Users\ivan5\OneDrive\Desktop\storefront\venv\Lib\site-packages\django\db\backends\utils.py", line 105, in _execute
    return self.cursor.execute(sql, params)
           ^^^^^^^^^^^^^^^^^^^^^^^^^^^^^^^^
psycopg2.errors.UndefinedTable: ОШИБКА:  отношение "store_cart" не существует
LINE 1: ..."store_cart"."id", "store_cart"."created_at" FROM "store_car...
                                                             ^


The above exception was the direct cause of the following exception:

Traceback (most recent call last):
  File "C:\Users\ivan5\OneDrive\Desktop\storefront\venv\Lib\site-packages\django\core\handlers\exception.py", line 55, in inner
    response = get_response(request)
               ^^^^^^^^^^^^^^^^^^^^^
  File "C:\Users\ivan5\OneDrive\Desktop\storefront\venv\Lib\site-packages\django\core\handlers\base.py", line 197, in _get_response
    response = wrapped_callback(request, *callback_args, **callback_kwargs)
               ^^^^^^^^^^^^^^^^^^^^^^^^^^^^^^^^^^^^^^^^^^^^^^^^^^^^^^^^^^^^
  File "C:\Users\ivan5\OneDrive\Desktop\storefront\venv\Lib\site-packages\django\views\decorators\csrf.py", line 65, in _view_wrapper
    return view_func(request, *args, **kwargs)
           ^^^^^^^^^^^^^^^^^^^^^^^^^^^^^^^^^^^
  File "C:\Users\ivan5\OneDrive\Desktop\storefront\venv\Lib\site-packages\rest_framework\viewsets.py", line 124, in view
    return self.dispatch(request, *args, **kwargs)
           ^^^^^^^^^^^^^^^^^^^^^^^^^^^^^^^^^^^^^^^
  File "C:\Users\ivan5\OneDrive\Desktop\storefront\venv\Lib\site-packages\rest_framework\views.py", line 509, in dispatch
    response = self.handle_exception(exc)
               ^^^^^^^^^^^^^^^^^^^^^^^^^^
  File "C:\Users\ivan5\OneDrive\Desktop\storefront\venv\Lib\site-packages\rest_framework\views.py", line 469, in handle_exception
    self.raise_uncaught_exception(exc)
  File "C:\Users\ivan5\OneDrive\Desktop\storefront\venv\Lib\site-packages\rest_framework\views.py", line 480, in raise_uncaught_exception
    raise exc
  File "C:\Users\ivan5\OneDrive\Desktop\storefront\venv\Lib\site-packages\rest_framework\views.py", line 506, in dispatch
    response = handler(request, *args, **kwargs)
               ^^^^^^^^^^^^^^^^^^^^^^^^^^^^^^^^^
  File "C:\Users\ivan5\OneDrive\Desktop\storefront\venv\Lib\site-packages\rest_framework\mixins.py", line 46, in list
    return Response(serializer.data)
                    ^^^^^^^^^^^^^^^
  File "C:\Users\ivan5\OneDrive\Desktop\storefront\venv\Lib\site-packages\rest_framework\serializers.py", line 795, in data
    ret = super().data
          ^^^^^^^^^^^^
  File "C:\Users\ivan5\OneDrive\Desktop\storefront\venv\Lib\site-packages\rest_framework\serializers.py", line 249, in data
    self._data = self.to_representation(self.instance)
                 ^^^^^^^^^^^^^^^^^^^^^^^^^^^^^^^^^^^^^
  File "C:\Users\ivan5\OneDrive\Desktop\storefront\venv\Lib\site-packages\rest_framework\serializers.py", line 713, in to_representation
    return [
           ^
  File "C:\Users\ivan5\OneDrive\Desktop\storefront\venv\Lib\site-packages\django\db\models\query.py", line 400, in __iter__
    self._fetch_all()
  File "C:\Users\ivan5\OneDrive\Desktop\storefront\venv\Lib\site-packages\django\db\models\query.py", line 1928, in _fetch_all
    self._result_cache = list(self._iterable_class(self))
                         ^^^^^^^^^^^^^^^^^^^^^^^^^^^^^^^^
  File "C:\Users\ivan5\OneDrive\Desktop\storefront\venv\Lib\site-packages\django\db\models\query.py", line 91, in __iter__
    results = compiler.execute_sql(
              ^^^^^^^^^^^^^^^^^^^^^
  File "C:\Users\ivan5\OneDrive\Desktop\storefront\venv\Lib\site-packages\django\db\models\sql\compiler.py", line 1562, in execute_sql
    cursor.execute(sql, params)
  File "C:\Users\ivan5\OneDrive\Desktop\storefront\venv\Lib\site-packages\django\db\backends\utils.py", line 79, in execute
    return self._execute_with_wrappers(
           ^^^^^^^^^^^^^^^^^^^^^^^^^^^^
  File "C:\Users\ivan5\OneDrive\Desktop\storefront\venv\Lib\site-packages\django\db\backends\utils.py", line 92, in _execute_with_wrappers
    return executor(sql, params, many, context)
           ^^^^^^^^^^^^^^^^^^^^^^^^^^^^^^^^^^^^
  File "C:\Users\ivan5\OneDrive\Desktop\storefront\venv\Lib\site-packages\django\db\backends\utils.py", line 100, in _execute
    with self.db.wrap_database_errors:
  File "C:\Users\ivan5\OneDrive\Desktop\storefront\venv\Lib\site-packages\django\db\utils.py", line 91, in __exit__
    raise dj_exc_value.with_traceback(traceback) from exc_value
  File "C:\Users\ivan5\OneDrive\Desktop\storefront\venv\Lib\site-packages\django\db\backends\utils.py", line 105, in _execute
    return self.cursor.execute(sql, params)
           ^^^^^^^^^^^^^^^^^^^^^^^^^^^^^^^^
django.db.utils.ProgrammingError: ОШИБКА:  отношение "store_cart" не существует
LINE 1: ..."store_cart"."id", "store_cart"."created_at" FROM "store_car...
                                                             ^

2024-06-26 16:45:43,592 (ERROR) - django.request - Internal Server Error: /store/products/
Traceback (most recent call last):
  File "C:\Users\ivan5\OneDrive\Desktop\storefront\venv\Lib\site-packages\django\db\backends\utils.py", line 105, in _execute
    return self.cursor.execute(sql, params)
           ^^^^^^^^^^^^^^^^^^^^^^^^^^^^^^^^
psycopg2.errors.UndefinedTable: ОШИБКА:  отношение "store_product" не существует
LINE 1: SELECT COUNT(*) AS "__count" FROM "store_product"
                                          ^


The above exception was the direct cause of the following exception:

Traceback (most recent call last):
  File "C:\Users\ivan5\OneDrive\Desktop\storefront\venv\Lib\site-packages\django\core\handlers\exception.py", line 55, in inner
    response = get_response(request)
               ^^^^^^^^^^^^^^^^^^^^^
  File "C:\Users\ivan5\OneDrive\Desktop\storefront\venv\Lib\site-packages\django\core\handlers\base.py", line 197, in _get_response
    response = wrapped_callback(request, *callback_args, **callback_kwargs)
               ^^^^^^^^^^^^^^^^^^^^^^^^^^^^^^^^^^^^^^^^^^^^^^^^^^^^^^^^^^^^
  File "C:\Users\ivan5\OneDrive\Desktop\storefront\venv\Lib\site-packages\django\views\decorators\csrf.py", line 65, in _view_wrapper
    return view_func(request, *args, **kwargs)
           ^^^^^^^^^^^^^^^^^^^^^^^^^^^^^^^^^^^
  File "C:\Users\ivan5\OneDrive\Desktop\storefront\venv\Lib\site-packages\rest_framework\viewsets.py", line 124, in view
    return self.dispatch(request, *args, **kwargs)
           ^^^^^^^^^^^^^^^^^^^^^^^^^^^^^^^^^^^^^^^
  File "C:\Users\ivan5\OneDrive\Desktop\storefront\venv\Lib\site-packages\rest_framework\views.py", line 509, in dispatch
    response = self.handle_exception(exc)
               ^^^^^^^^^^^^^^^^^^^^^^^^^^
  File "C:\Users\ivan5\OneDrive\Desktop\storefront\venv\Lib\site-packages\rest_framework\views.py", line 469, in handle_exception
    self.raise_uncaught_exception(exc)
  File "C:\Users\ivan5\OneDrive\Desktop\storefront\venv\Lib\site-packages\rest_framework\views.py", line 480, in raise_uncaught_exception
    raise exc
  File "C:\Users\ivan5\OneDrive\Desktop\storefront\venv\Lib\site-packages\rest_framework\views.py", line 506, in dispatch
    response = handler(request, *args, **kwargs)
               ^^^^^^^^^^^^^^^^^^^^^^^^^^^^^^^^^
  File "C:\Users\ivan5\OneDrive\Desktop\storefront\venv\Lib\site-packages\rest_framework\mixins.py", line 40, in list
    page = self.paginate_queryset(queryset)
           ^^^^^^^^^^^^^^^^^^^^^^^^^^^^^^^^
  File "C:\Users\ivan5\OneDrive\Desktop\storefront\venv\Lib\site-packages\rest_framework\generics.py", line 175, in paginate_queryset
    return self.paginator.paginate_queryset(queryset, self.request, view=self)
           ^^^^^^^^^^^^^^^^^^^^^^^^^^^^^^^^^^^^^^^^^^^^^^^^^^^^^^^^^^^^^^^^^^^
  File "C:\Users\ivan5\OneDrive\Desktop\storefront\venv\Lib\site-packages\rest_framework\pagination.py", line 212, in paginate_queryset
    self.page = paginator.page(page_number)
                ^^^^^^^^^^^^^^^^^^^^^^^^^^^
  File "C:\Users\ivan5\OneDrive\Desktop\storefront\venv\Lib\site-packages\django\core\paginator.py", line 89, in page
    number = self.validate_number(number)
             ^^^^^^^^^^^^^^^^^^^^^^^^^^^^
  File "C:\Users\ivan5\OneDrive\Desktop\storefront\venv\Lib\site-packages\django\core\paginator.py", line 70, in validate_number
    if number > self.num_pages:
                ^^^^^^^^^^^^^^
  File "C:\Users\ivan5\OneDrive\Desktop\storefront\venv\Lib\site-packages\django\utils\functional.py", line 47, in __get__
    res = instance.__dict__[self.name] = self.func(instance)
                                         ^^^^^^^^^^^^^^^^^^^
  File "C:\Users\ivan5\OneDrive\Desktop\storefront\venv\Lib\site-packages\django\core\paginator.py", line 116, in num_pages
    if self.count == 0 and not self.allow_empty_first_page:
       ^^^^^^^^^^
  File "C:\Users\ivan5\OneDrive\Desktop\storefront\venv\Lib\site-packages\django\utils\functional.py", line 47, in __get__
    res = instance.__dict__[self.name] = self.func(instance)
                                         ^^^^^^^^^^^^^^^^^^^
  File "C:\Users\ivan5\OneDrive\Desktop\storefront\venv\Lib\site-packages\django\core\paginator.py", line 110, in count
    return c()
           ^^^
  File "C:\Users\ivan5\OneDrive\Desktop\storefront\venv\Lib\site-packages\django\db\models\query.py", line 620, in count
    return self.query.get_count(using=self.db)
           ^^^^^^^^^^^^^^^^^^^^^^^^^^^^^^^^^^^
  File "C:\Users\ivan5\OneDrive\Desktop\storefront\venv\Lib\site-packages\django\db\models\sql\query.py", line 629, in get_count
    return obj.get_aggregation(using, {"__count": Count("*")})["__count"]
           ^^^^^^^^^^^^^^^^^^^^^^^^^^^^^^^^^^^^^^^^^^^^^^^^^^^
  File "C:\Users\ivan5\OneDrive\Desktop\storefront\venv\Lib\site-packages\django\db\models\sql\query.py", line 615, in get_aggregation
    result = compiler.execute_sql(SINGLE)
             ^^^^^^^^^^^^^^^^^^^^^^^^^^^^
  File "C:\Users\ivan5\OneDrive\Desktop\storefront\venv\Lib\site-packages\django\db\models\sql\compiler.py", line 1562, in execute_sql
    cursor.execute(sql, params)
  File "C:\Users\ivan5\OneDrive\Desktop\storefront\venv\Lib\site-packages\django\db\backends\utils.py", line 79, in execute
    return self._execute_with_wrappers(
           ^^^^^^^^^^^^^^^^^^^^^^^^^^^^
  File "C:\Users\ivan5\OneDrive\Desktop\storefront\venv\Lib\site-packages\django\db\backends\utils.py", line 92, in _execute_with_wrappers
    return executor(sql, params, many, context)
           ^^^^^^^^^^^^^^^^^^^^^^^^^^^^^^^^^^^^
  File "C:\Users\ivan5\OneDrive\Desktop\storefront\venv\Lib\site-packages\django\db\backends\utils.py", line 100, in _execute
    with self.db.wrap_database_errors:
  File "C:\Users\ivan5\OneDrive\Desktop\storefront\venv\Lib\site-packages\django\db\utils.py", line 91, in __exit__
    raise dj_exc_value.with_traceback(traceback) from exc_value
  File "C:\Users\ivan5\OneDrive\Desktop\storefront\venv\Lib\site-packages\django\db\backends\utils.py", line 105, in _execute
    return self.cursor.execute(sql, params)
           ^^^^^^^^^^^^^^^^^^^^^^^^^^^^^^^^
django.db.utils.ProgrammingError: ОШИБКА:  отношение "store_product" не существует
LINE 1: SELECT COUNT(*) AS "__count" FROM "store_product"
                                          ^

2024-06-26 16:46:05,537 (INFO) - django.utils.autoreload - Watching for file changes with StatReloader
2024-06-26 16:46:17,420 (INFO) - django.utils.autoreload - Watching for file changes with StatReloader
2024-06-26 16:46:18,092 (WARNING) - rest_framework.fields - min_value in DecimalField should be Decimal type.
2024-06-26 16:46:26,495 (WARNING) - rest_framework.fields - min_value in DecimalField should be Decimal type.
2024-06-26 16:46:34,644 (ERROR) - django.request - Internal Server Error: /store/products/648/images/
Traceback (most recent call last):
  File "C:\Users\ivan5\OneDrive\Desktop\storefront\venv\Lib\site-packages\django\core\handlers\exception.py", line 55, in inner
    response = get_response(request)
               ^^^^^^^^^^^^^^^^^^^^^
  File "C:\Users\ivan5\OneDrive\Desktop\storefront\venv\Lib\site-packages\django\core\handlers\base.py", line 197, in _get_response
    response = wrapped_callback(request, *callback_args, **callback_kwargs)
               ^^^^^^^^^^^^^^^^^^^^^^^^^^^^^^^^^^^^^^^^^^^^^^^^^^^^^^^^^^^^
  File "C:\Users\ivan5\OneDrive\Desktop\storefront\venv\Lib\site-packages\django\views\decorators\csrf.py", line 65, in _view_wrapper
    return view_func(request, *args, **kwargs)
           ^^^^^^^^^^^^^^^^^^^^^^^^^^^^^^^^^^^
  File "C:\Users\ivan5\OneDrive\Desktop\storefront\venv\Lib\site-packages\rest_framework\viewsets.py", line 124, in view
    return self.dispatch(request, *args, **kwargs)
           ^^^^^^^^^^^^^^^^^^^^^^^^^^^^^^^^^^^^^^^
  File "C:\Users\ivan5\OneDrive\Desktop\storefront\venv\Lib\site-packages\rest_framework\views.py", line 509, in dispatch
    response = self.handle_exception(exc)
               ^^^^^^^^^^^^^^^^^^^^^^^^^^
  File "C:\Users\ivan5\OneDrive\Desktop\storefront\venv\Lib\site-packages\rest_framework\views.py", line 469, in handle_exception
    self.raise_uncaught_exception(exc)
  File "C:\Users\ivan5\OneDrive\Desktop\storefront\venv\Lib\site-packages\rest_framework\views.py", line 480, in raise_uncaught_exception
    raise exc
  File "C:\Users\ivan5\OneDrive\Desktop\storefront\venv\Lib\site-packages\rest_framework\views.py", line 506, in dispatch
    response = handler(request, *args, **kwargs)
               ^^^^^^^^^^^^^^^^^^^^^^^^^^^^^^^^^
  File "C:\Users\ivan5\OneDrive\Desktop\storefront\venv\Lib\site-packages\rest_framework\mixins.py", line 19, in create
    self.perform_create(serializer)
  File "C:\Users\ivan5\OneDrive\Desktop\storefront\venv\Lib\site-packages\rest_framework\mixins.py", line 24, in perform_create
    serializer.save()
  File "C:\Users\ivan5\OneDrive\Desktop\storefront\venv\Lib\site-packages\rest_framework\serializers.py", line 208, in save
    self.instance = self.create(validated_data)
                    ^^^^^^^^^^^^^^^^^^^^^^^^^^^
  File "C:\Users\ivan5\OneDrive\Desktop\storefront\store\serializers.py", line 22, in create
    product_id = self.context['product_pk']
                 ~~~~~~~~~~~~^^^^^^^^^^^^^^
KeyError: 'product_pk'
2024-06-26 16:46:50,125 (INFO) - django.utils.autoreload - C:\Users\ivan5\OneDrive\Desktop\storefront\store\serializers.py changed, reloading.
2024-06-26 16:46:53,050 (INFO) - django.utils.autoreload - Watching for file changes with StatReloader
2024-06-26 16:47:02,990 (WARNING) - django.request - Not Found: /media/store/images/dog_mJxp3Fy.jpeg
2024-06-26 16:48:07,394 (INFO) - django.utils.autoreload - C:\Users\ivan5\OneDrive\Desktop\storefront\storefront\urls.py changed, reloading.
2024-06-26 16:48:08,412 (INFO) - django.utils.autoreload - Watching for file changes with StatReloader
2024-06-26 16:48:48,352 (INFO) - django.utils.autoreload - C:\Users\ivan5\OneDrive\Desktop\storefront\storefront\urls.py changed, reloading.
2024-06-26 16:48:49,338 (INFO) - django.utils.autoreload - Watching for file changes with StatReloader
2024-06-26 16:49:41,233 (INFO) - django.utils.autoreload - C:\Users\ivan5\OneDrive\Desktop\storefront\storefront\urls.py changed, reloading.
2024-06-26 16:49:42,315 (INFO) - django.utils.autoreload - Watching for file changes with StatReloader
2024-06-26 16:49:55,326 (WARNING) - django.request - Not Found: /media/store/images/dog_mJxp3Fy.jpeg
2024-06-26 16:54:25,099 (INFO) - django.utils.autoreload - Watching for file changes with StatReloader
2024-06-26 16:54:32,519 (WARNING) - django.request - Not Found: /media/store/images/dog_mJxp3Fy.jpeg
2024-06-26 16:58:04,204 (INFO) - django.utils.autoreload - C:\Users\ivan5\OneDrive\Desktop\storefront\storefront\settings\prod.py changed, reloading.
2024-06-26 16:58:05,302 (INFO) - django.utils.autoreload - Watching for file changes with StatReloader
2024-06-26 16:58:05,618 (WARNING) - silk.profiling.profiler - Cannot execute silk_profile as silk is not installed correctly.
2024-06-26 16:59:30,277 (INFO) - django.utils.autoreload - C:\Users\ivan5\OneDrive\Desktop\storefront\storefront\settings\prod.py changed, reloading.
2024-06-26 16:59:31,458 (INFO) - django.utils.autoreload - Watching for file changes with StatReloader
